<?xml version="1.0" encoding="UTF-8"?>
<!-- Generated by org.testng.reporters.JUnitXMLReporter -->
<testsuite ignored="0" hostname="minnu" failures="0" tests="3" name="Test" time="32.651" errors="0" timestamp="2022-11-15T17:22:38 GST">
  <testcase classname="com.supermarket.tests.LoginTestCase" name="validateWithInvalidCredentials" time="1.444"/>
  <testcase classname="com.supermarket.tests.LoginTestCase" name="validateWithInvalidCredentials" time="0.655"/>
  <testcase classname="com.supermarket.tests.LoginTestCase" name="validateWithValidCredentials" time="5.285"/>
</testsuite> <!-- Test -->
